# JRE version: Java(TM) SE Runtime Environment (8.0_92-b14) (build 1.8.0_92-b14)
# Java VM: Java HotSpot(TM) Client VM (25.92-b14 mixed mode windows-x86 )
Heap:
 def new generation   total 50880K, used 27779K [0x10200000, 0x13930000, 0x1aca0000)
  eden space 45248K,  60% used [0x10200000, 0x11cf0428, 0x12e30000)
  from space 5632K,   3% used [0x133b0000, 0x133e0ab8, 0x13930000)
  to   space 5632K,   0% used [0x12e30000, 0x12e30000, 0x133b0000)
 tenured generation   total 112608K, used 72304K [0x1aca0000, 0x21a98000, 0x30200000)
   the space 112608K,  64% used [0x1aca0000, 0x1f33c198, 0x1f33c200, 0x21a98000)
 Metaspace       used 20252K, capacity 21018K, committed 21504K, reserved 21888K
GC Heap History (10 events):
Event: 24798.755 GC heap before
{Heap before GC invocations=338 (full 4):
 def new generation   total 50880K, used 45255K [0x10200000, 0x13930000, 0x1aca0000)
  eden space 45248K, 100% used [0x10200000, 0x12e30000, 0x12e30000)
  from space 5632K,   0% used [0x12e30000, 0x12e31c70, 0x133b0000)
  to   space 5632K,   0% used [0x133b0000, 0x133b0000, 0x13930000)
 tenured generation   total 112608K, used 72304K [0x1aca0000, 0x21a98000, 0x30200000)
   the space 112608K,  64% used [0x1aca0000, 0x1f33c198, 0x1f33c200, 0x21a98000)
 Metaspace       used 20252K, capacity 21018K, committed 21504K, reserved 21888K
Event: 24798.756 GC heap after
Heap after GC invocations=339 (full 4):
 def new generation   total 50880K, used 7K [0x10200000, 0x13930000, 0x1aca0000)
  eden space 45248K,   0% used [0x10200000, 0x10200000, 0x12e30000)
  from space 5632K,   0% used [0x133b0000, 0x133b1f40, 0x13930000)
  to   space 5632K,   0% used [0x12e30000, 0x12e30000, 0x133b0000)
 tenured generation   total 112608K, used 72304K [0x1aca0000, 0x21a98000, 0x30200000)
   the space 112608K,  64% used [0x1aca0000, 0x1f33c198, 0x1f33c200, 0x21a98000)
 Metaspace       used 20252K, capacity 21018K, committed 21504K, reserved 21888K
}
Event: 24934.897 GC heap before
{Heap before GC invocations=339 (full 4):
 def new generation   total 50880K, used 45255K [0x10200000, 0x13930000, 0x1aca0000)
  eden space 45248K, 100% used [0x10200000, 0x12e30000, 0x12e30000)
  from space 5632K,   0% used [0x133b0000, 0x133b1f40, 0x13930000)
  to   space 5632K,   0% used [0x12e30000, 0x12e30000, 0x133b0000)
 tenured generation   total 112608K, used 72304K [0x1aca0000, 0x21a98000, 0x30200000)
   the space 112608K,  64% used [0x1aca0000, 0x1f33c198, 0x1f33c200, 0x21a98000)
 Metaspace       used 20252K, capacity 21018K, committed 21504K, reserved 21888K
Event: 24934.899 GC heap after
Heap after GC invocations=340 (full 4):
 def new generation   total 50880K, used 30K [0x10200000, 0x13930000, 0x1aca0000)
  eden space 45248K,   0% used [0x10200000, 0x10200000, 0x12e30000)
  from space 5632K,   0% used [0x12e30000, 0x12e37b50, 0x133b0000)
  to   space 5632K,   0% used [0x133b0000, 0x133b0000, 0x13930000)
 tenured generation   total 112608K, used 72304K [0x1aca0000, 0x21a98000, 0x30200000)
   the space 112608K,  64% used [0x1aca0000, 0x1f33c198, 0x1f33c200, 0x21a98000)
 Metaspace       used 20252K, capacity 21018K, committed 21504K, reserved 21888K
}
Event: 25051.749 GC heap before
{Heap before GC invocations=340 (full 4):
 def new generation   total 50880K, used 45278K [0x10200000, 0x13930000, 0x1aca0000)
  eden space 45248K, 100% used [0x10200000, 0x12e30000, 0x12e30000)
  from space 5632K,   0% used [0x12e30000, 0x12e37b50, 0x133b0000)
  to   space 5632K,   0% used [0x133b0000, 0x133b0000, 0x13930000)
 tenured generation   total 112608K, used 72304K [0x1aca0000, 0x21a98000, 0x30200000)
   the space 112608K,  64% used [0x1aca0000, 0x1f33c198, 0x1f33c200, 0x21a98000)
 Metaspace       used 20252K, capacity 21018K, committed 21504K, reserved 21888K
Event: 25051.750 GC heap after
Heap after GC invocations=341 (full 4):
 def new generation   total 50880K, used 119K [0x10200000, 0x13930000, 0x1aca0000)
  eden space 45248K,   0% used [0x10200000, 0x10200000, 0x12e30000)
  from space 5632K,   2% used [0x133b0000, 0x133cddd0, 0x13930000)
  to   space 5632K,   0% used [0x12e30000, 0x12e30000, 0x133b0000)
 tenured generation   total 112608K, used 72304K [0x1aca0000, 0x21a98000, 0x30200000)
   the space 112608K,  64% used [0x1aca0000, 0x1f33c198, 0x1f33c200, 0x21a98000)
 Metaspace       used 20252K, capacity 21018K, committed 21504K, reserved 21888K
}
Event: 25172.838 GC heap before
{Heap before GC invocations=341 (full 4):
 def new generation   total 50880K, used 45367K [0x10200000, 0x13930000, 0x1aca0000)
  eden space 45248K, 100% used [0x10200000, 0x12e30000, 0x12e30000)
  from space 5632K,   2% used [0x133b0000, 0x133cddd0, 0x13930000)
  to   space 5632K,   0% used [0x12e30000, 0x12e30000, 0x133b0000)
 tenured generation   total 112608K, used 72304K [0x1aca0000, 0x21a98000, 0x30200000)
   the space 112608K,  64% used [0x1aca0000, 0x1f33c198, 0x1f33c200, 0x21a98000)
 Metaspace       used 20252K, capacity 21018K, committed 21504K, reserved 21888K
Event: 25172.841 GC heap after
Heap after GC invocations=342 (full 4):
 def new generation   total 50880K, used 33K [0x10200000, 0x13930000, 0x1aca0000)
  eden space 45248K,   0% used [0x10200000, 0x10200000, 0x12e30000)
  from space 5632K,   0% used [0x12e30000, 0x12e38660, 0x133b0000)
  to   space 5632K,   0% used [0x133b0000, 0x133b0000, 0x13930000)
 tenured generation   total 112608K, used 72304K [0x1aca0000, 0x21a98000, 0x30200000)
   the space 112608K,  64% used [0x1aca0000, 0x1f33c198, 0x1f33c200, 0x21a98000)
 Metaspace       used 20252K, capacity 21018K, committed 21504K, reserved 21888K
}
Event: 25342.377 GC heap before
{Heap before GC invocations=342 (full 4):
 def new generation   total 50880K, used 45281K [0x10200000, 0x13930000, 0x1aca0000)
  eden space 45248K, 100% used [0x10200000, 0x12e30000, 0x12e30000)
  from space 5632K,   0% used [0x12e30000, 0x12e38660, 0x133b0000)
  to   space 5632K,   0% used [0x133b0000, 0x133b0000, 0x13930000)
 tenured generation   total 112608K, used 72304K [0x1aca0000, 0x21a98000, 0x30200000)
   the space 112608K,  64% used [0x1aca0000, 0x1f33c198, 0x1f33c200, 0x21a98000)
 Metaspace       used 20252K, capacity 21018K, committed 21504K, reserved 21888K
Event: 25342.381 GC heap after
Heap after GC invocations=343 (full 4):
 def new generation   total 50880K, used 194K [0x10200000, 0x13930000, 0x1aca0000)
  eden space 45248K,   0% used [0x10200000, 0x10200000, 0x12e30000)
  from space 5632K,   3% used [0x133b0000, 0x133e0ab8, 0x13930000)
  to   space 5632K,   0% used [0x12e30000, 0x12e30000, 0x133b0000)
 tenured generation   total 112608K, used 72304K [0x1aca0000, 0x21a98000, 0x30200000)
   the space 112608K,  64% used [0x1aca0000, 0x1f33c198, 0x1f33c200, 0x21a98000)
 Metaspace       used 20252K, capacity 21018K, committed 21504K, reserved 21888K
}

